[debug] [2025-09-02T11:52:32.952Z] ----------------------------------------------------------------------
[debug] [2025-09-02T11:52:32.954Z] Command:       /home/ubuntu/.nvm/versions/node/v22.16.0/bin/node /home/ubuntu/.nvm/versions/node/v22.16.0/bin/firebase login:ci --no-localhost --token manual
[debug] [2025-09-02T11:52:32.954Z] CLI Version:   14.15.1
[debug] [2025-09-02T11:52:32.954Z] Platform:      linux
[debug] [2025-09-02T11:52:32.954Z] Node Version:  v22.16.0
[debug] [2025-09-02T11:52:32.955Z] Time:          Tue Sep 02 2025 11:52:32 GMT+0000 (Coordinated Universal Time)
[debug] [2025-09-02T11:52:32.955Z] ----------------------------------------------------------------------
[debug] 
[warn] ⚠  Authenticating with a `login:ci` token is deprecated and will be removed in a future major version of `firebase-tools`. Instead, use a service account key with `GOOGLE_APPLICATION_CREDENTIALS`: https://cloud.google.com/docs/authentication/getting-started 
[debug] [2025-09-02T11:52:33.079Z] >>> [apiv2][query] POST https://auth.firebase.tools/attest [none]
[debug] [2025-09-02T11:52:33.079Z] >>> [apiv2][body] POST https://auth.firebase.tools/attest {"session_id":"602313da-ebb4-4bb3-878d-1c4fdd556928"}
[debug] [2025-09-02T11:52:33.307Z] <<< [apiv2][status] POST https://auth.firebase.tools/attest 200
[debug] [2025-09-02T11:52:33.307Z] <<< [apiv2][body] POST https://auth.firebase.tools/attest {"token":"Nrz--vT54k9M1ebcni0bzGWb_8b1bADzKAd2QC_emw8"}
[info] 
[info] To sign in to the Firebase CLI:
[info] 
[info] 1. Take note of your session ID:
[info] 
[info]    60231
[info] 
[info] 2. Visit the URL below on any device and follow the instructions to get your code:
[info] 
[info]    https://auth.firebase.tools/login?code_challenge=N4AUbaqHMXJZyQZodJNKFEjXaABsfvAZMqzAK_GDlZ0&session=602313da-ebb4-4bb3-878d-1c4fdd556928&attest=Nrz--vT54k9M1ebcni0bzGWb_8b1bADzKAd2QC_emw8
[info] 
[info] 3. Paste or enter the authorization code below once you have it:
[info] 
[debug] [2025-09-02T12:07:32.492Z] ExitPromptError: User force closed the prompt with SIGINT
    at Interface.sigint (/home/ubuntu/.nvm/versions/node/v22.16.0/lib/node_modules/firebase-tools/node_modules/@inquirer/core/dist/commonjs/lib/create-prompt.js:101:37)
    at Interface.emit (node:events:518:28)
    at Interface.emit (node:domain:489:12)
    at [_ttyWrite] [as _ttyWrite] (node:internal/readline/interface:1128:18)
    at ReadStream.onkeypress (node:internal/readline/interface:267:20)
    at ReadStream.emit (node:events:530:35)
    at ReadStream.emit (node:domain:489:12)
    at emitKeys (node:internal/readline/utils:370:14)
    at emitKeys.next (<anonymous>)
    at ReadStream.onData (node:internal/readline/emitKeypressEvents:64:36)
[error] 
[error] Error: An unexpected error has occurred.
